<?xml version="1.0" encoding="UTF-8"?>
<testng-results skipped="0" failed="0" ignored="0" total="1" passed="1">
  <reporter-output>
  </reporter-output>
  <suite name="Default suite" duration-ms="41393" started-at="2021-06-21T13:05:17Z" finished-at="2021-06-21T13:05:58Z">
    <groups>
    </groups>
    <test name="Default test" duration-ms="41393" started-at="2021-06-21T13:05:17Z" finished-at="2021-06-21T13:05:58Z">
      <class name="com.aautomation.testcases.MainmenuScenarios">
        <test-method status="PASS" signature="setUpSuite()[pri:0, instance:com.aautomation.testcases.MainmenuScenarios@146ba0ac]" name="setUpSuite" is-config="true" duration-ms="1318" started-at="2021-06-21T13:05:15Z" finished-at="2021-06-21T13:05:17Z">
          <reporter-output>
          </reporter-output>
        </test-method> <!-- setUpSuite -->
        <test-method status="PASS" signature="setUp()[pri:0, instance:com.aautomation.testcases.MainmenuScenarios@146ba0ac]" name="setUp" is-config="true" duration-ms="20325" started-at="2021-06-21T13:05:17Z" finished-at="2021-06-21T13:05:37Z">
          <reporter-output>
          </reporter-output>
        </test-method> <!-- setUp -->
        <test-method status="PASS" signature="loginProcess()[pri:0, instance:com.aautomation.testcases.MainmenuScenarios@146ba0ac]" name="loginProcess" is-config="true" duration-ms="1" started-at="2021-06-21T13:05:37Z" finished-at="2021-06-21T13:05:37Z">
          <reporter-output>
          </reporter-output>
        </test-method> <!-- loginProcess -->
        <test-method status="PASS" signature="addIndividualFromMainmenu()[pri:0, instance:com.aautomation.testcases.MainmenuScenarios@146ba0ac]" name="addIndividualFromMainmenu" duration-ms="18082" started-at="2021-06-21T13:05:37Z" finished-at="2021-06-21T13:05:55Z">
          <reporter-output>
          </reporter-output>
        </test-method> <!-- addIndividualFromMainmenu -->
        <test-method status="PASS" signature="tearDownMethod(org.testng.ITestResult)[pri:0, instance:com.aautomation.testcases.MainmenuScenarios@146ba0ac]" name="tearDownMethod" is-config="true" duration-ms="1454" started-at="2021-06-21T13:05:55Z" finished-at="2021-06-21T13:05:56Z">
          <params>
            <param index="0">
              <value>
                <![CDATA[[TestResult name=addIndividualFromMainmenu status=SUCCESS method=MainmenuScenarios.addIndividualFromMainmenu()[pri:0, instance:com.aautomation.testcases.MainmenuScenarios@146ba0ac] output={null}]]]>
              </value>
            </param>
          </params>
          <reporter-output>
          </reporter-output>
        </test-method> <!-- tearDownMethod -->
        <test-method status="PASS" signature="tearDown()[pri:0, instance:com.aautomation.testcases.MainmenuScenarios@146ba0ac]" name="tearDown" is-config="true" duration-ms="1498" started-at="2021-06-21T13:05:56Z" finished-at="2021-06-21T13:05:58Z">
          <reporter-output>
          </reporter-output>
        </test-method> <!-- tearDown -->
      </class> <!-- com.aautomation.testcases.MainmenuScenarios -->
    </test> <!-- Default test -->
  </suite> <!-- Default suite -->
</testng-results>
