<?xml version="1.0" encoding="UTF-8"?>
<!-- Generated by org.testng.reporters.JUnitXMLReporter -->
<testsuite hostname="INAMDLBI0096" ignored="1" name="Test" tests="2" failures="2" timestamp="19 Jun 2021 16:33:08 GMT" time="35.519" errors="0">
  <testcase name="@BeforeClass setUp" time="0.0" classname="com.automation.pages.Base">
    <failure type="java.lang.NullPointerException">
      <![CDATA[java.lang.NullPointerException
at com.automation.pages.Base.setUp(Base.java:51)
... Removed 26 stack frames]]>
    </failure>
  </testcase> <!-- @BeforeClass setUp -->
  <testcase name="@AfterClass tearDown" time="0.0" classname="com.automation.pages.Base">
    <skipped/>
  </testcase> <!-- @AfterClass tearDown -->
  <testcase name="loginApp" time="10.266" classname="com.aautomation.testcases.LoginTest">
    <failure type="org.openqa.selenium.NoSuchElementException" message="no such element: Unable to locate element: {&amp;quot;method&amp;quot;:&amp;quot;css selector&amp;quot;,&amp;quot;selector&amp;quot;:&amp;quot;*[name=&amp;apos;username&amp;apos;]&amp;quot;}
  (Session info: chrome=91.0.4472.114)
For documentation on this error, please visit: https://www.seleniumhq.org/exceptions/no_such_element.html
Build info: version: &amp;apos;3.141.59&amp;apos;, revision: &amp;apos;e82be7d358&amp;apos;, time: &amp;apos;2018-11-14T08:17:03&amp;apos;
System info: host: &amp;apos;INAMDLBI0096&amp;apos;, ip: &amp;apos;192.168.225.39&amp;apos;, os.name: &amp;apos;Windows 10&amp;apos;, os.arch: &amp;apos;amd64&amp;apos;, os.version: &amp;apos;10.0&amp;apos;, java.version: &amp;apos;1.8.0_171&amp;apos;
Driver info: org.openqa.selenium.chrome.ChromeDriver
Capabilities {acceptInsecureCerts: false, browserName: chrome, browserVersion: 91.0.4472.114, chrome: {chromedriverVersion: 90.0.4430.24 (4c6d850f087da..., userDataDir: C:\Users\chashah1\AppData\L...}, goog:chromeOptions: {debuggerAddress: localhost:64406}, javascriptEnabled: true, networkConnectionEnabled: false, pageLoadStrategy: normal, platform: WINDOWS, platformName: WINDOWS, proxy: Proxy(), setWindowRect: true, strictFileInteractability: false, timeouts: {implicit: 0, pageLoad: 300000, script: 30000}, unhandledPromptBehavior: dismiss and notify, webauthn:extension:largeBlob: true, webauthn:virtualAuthenticators: true}
Session ID: b646029ad47efb06fb7d5950f492c89c
*** Element info: {Using=name, value=username}">
      <![CDATA[org.openqa.selenium.NoSuchElementException: no such element: Unable to locate element: {"method":"css selector","selector":"*[name='username']"}
  (Session info: chrome=91.0.4472.114)
For documentation on this error, please visit: https://www.seleniumhq.org/exceptions/no_such_element.html
Build info: version: '3.141.59', revision: 'e82be7d358', time: '2018-11-14T08:17:03'
System info: host: 'INAMDLBI0096', ip: '192.168.225.39', os.name: 'Windows 10', os.arch: 'amd64', os.version: '10.0', java.version: '1.8.0_171'
Driver info: org.openqa.selenium.chrome.ChromeDriver
Capabilities {acceptInsecureCerts: false, browserName: chrome, browserVersion: 91.0.4472.114, chrome: {chromedriverVersion: 90.0.4430.24 (4c6d850f087da..., userDataDir: C:\Users\chashah1\AppData\L...}, goog:chromeOptions: {debuggerAddress: localhost:64406}, javascriptEnabled: true, networkConnectionEnabled: false, pageLoadStrategy: normal, platform: WINDOWS, platformName: WINDOWS, proxy: Proxy(), setWindowRect: true, strictFileInteractability: false, timeouts: {implicit: 0, pageLoad: 300000, script: 30000}, unhandledPromptBehavior: dismiss and notify, webauthn:extension:largeBlob: true, webauthn:virtualAuthenticators: true}
Session ID: b646029ad47efb06fb7d5950f492c89c
*** Element info: {Using=name, value=username}
at org.openqa.selenium.remote.http.W3CHttpResponseCodec.createException(W3CHttpResponseCodec.java:187)
at org.openqa.selenium.remote.http.W3CHttpResponseCodec.decode(W3CHttpResponseCodec.java:122)
at org.openqa.selenium.remote.http.W3CHttpResponseCodec.decode(W3CHttpResponseCodec.java:49)
at org.openqa.selenium.remote.HttpCommandExecutor.execute(HttpCommandExecutor.java:158)
at org.openqa.selenium.remote.service.DriverCommandExecutor.execute(DriverCommandExecutor.java:83)
at org.openqa.selenium.remote.RemoteWebDriver.execute(RemoteWebDriver.java:552)
at org.openqa.selenium.remote.RemoteWebDriver.findElement(RemoteWebDriver.java:323)
at org.openqa.selenium.remote.RemoteWebDriver.findElementByName(RemoteWebDriver.java:404)
at org.openqa.selenium.By$ByName.findElement(By.java:284)
at org.openqa.selenium.remote.RemoteWebDriver.findElement(RemoteWebDriver.java:315)
at org.openqa.selenium.support.pagefactory.DefaultElementLocator.findElement(DefaultElementLocator.java:69)
at org.openqa.selenium.support.pagefactory.internal.LocatingElementHandler.invoke(LocatingElementHandler.java:38)
at com.sun.proxy.$Proxy13.sendKeys(Unknown Source)
at com.automation.pages.LoginPage.loginToCRM(LoginPage.java:24)
at com.aautomation.testcases.LoginTest.loginApp(LoginTest.java:28)
... Removed 29 stack frames]]>
    </failure>
  </testcase> <!-- loginApp -->
  <testcase name="addIndividualFromMainmenu" time="0.18" classname="com.aautomation.testcases.MainmenuScenarios2">
    <failure type="org.testng.internal.reflect.MethodMatcherException" message="
Data provider mismatch
Method: addIndividualFromMainmenu([Parameter{index=0, type=java.lang.String, declaredAnnotations=[]}, Parameter{index=1, type=java.lang.String, declaredAnnotations=[]}, Parameter{index=2, type=java.lang.String, declaredAnnotations=[]}, Parameter{index=3, type=java.lang.String, declaredAnnotations=[]}, Parameter{index=4, type=java.lang.String, declaredAnnotations=[]}, Parameter{index=5, type=java.lang.String, declaredAnnotations=[]}, Parameter{index=6, type=java.lang.String, declaredAnnotations=[]}, Parameter{index=7, type=java.lang.String, declaredAnnotations=[]}, Parameter{index=8, type=java.lang.String, declaredAnnotations=[]}, Parameter{index=9, type=java.lang.String, declaredAnnotations=[]}, Parameter{index=10, type=java.lang.String, declaredAnnotations=[]}, Parameter{index=11, type=java.lang.String, declaredAnnotations=[]}, Parameter{index=12, type=java.lang.String, declaredAnnotations=[]}, Parameter{index=13, type=java.lang.String, declaredAnnotations=[]}, Parameter{index=14, type=java.lang.String, declaredAnnotations=[]}, Parameter{index=15, type=java.lang.String, declaredAnnotations=[]}, Parameter{index=16, type=java.lang.String, declaredAnnotations=[]}, Parameter{index=17, type=java.lang.String, declaredAnnotations=[]}, Parameter{index=18, type=java.lang.String, declaredAnnotations=[]}, Parameter{index=19, type=java.lang.String, declaredAnnotations=[]}, Parameter{index=20, type=java.lang.String, declaredAnnotations=[]}, Parameter{index=21, type=java.lang.String, declaredAnnotations=[]}, Parameter{index=22, type=java.lang.String, declaredAnnotations=[]}, Parameter{index=23, type=java.lang.String, declaredAnnotations=[]}])
Arguments: [(org.apache.poi.xssf.usermodel.XSSFCell) Chait,(org.apache.poi.xssf.usermodel.XSSFCell) Mr,(org.apache.poi.xssf.usermodel.XSSFCell) Vaibhav,(org.apache.poi.xssf.usermodel.XSSFCell) Automation,(org.apache.poi.xssf.usermodel.XSSFCell) Tester,(org.apache.poi.xssf.usermodel.XSSFCell) Desai,(org.apache.poi.xssf.usermodel.XSSFCell) Male,(org.apache.poi.xssf.usermodel.XSSFCell) 01/05/2018,(org.apache.poi.xssf.usermodel.XSSFCell) Vaibhu,(org.apache.poi.xssf.usermodel.XSSFCell) Mr. Vaibhu,(org.apache.poi.xssf.usermodel.XSSFCell) Automation,(org.apache.poi.xssf.usermodel.XSSFCell) 555 Rohnert Park ,(org.apache.poi.xssf.usermodel.XSSFCell) Expy West,(org.apache.poi.xssf.usermodel.XSSFCell) 94928.0,(org.apache.poi.xssf.usermodel.XSSFCell) Rohnert Park,(org.apache.poi.xssf.usermodel.XSSFCell) California,(org.apache.poi.xssf.usermodel.XSSFCell) USA,(org.apache.poi.xssf.usermodel.XSSFCell) Home,(org.apache.poi.xssf.usermodel.XSSFCell) Yes,(org.apache.poi.xssf.usermodel.XSSFCell) abc@gmail.com,(org.apache.poi.xssf.usermodel.XSSFCell)    ,(org.apache.poi.xssf.usermodel.XSSFCell) 7.871231234E9,(org.apache.poi.xssf.usermodel.XSSFCell) Yes,(org.apache.poi.xssf.usermodel.XSSFCell) No,(org.apache.poi.xssf.usermodel.XSSFCell) Yes]">
      <![CDATA[org.testng.internal.reflect.MethodMatcherException: 
Data provider mismatch
Method: addIndividualFromMainmenu([Parameter{index=0, type=java.lang.String, declaredAnnotations=[]}, Parameter{index=1, type=java.lang.String, declaredAnnotations=[]}, Parameter{index=2, type=java.lang.String, declaredAnnotations=[]}, Parameter{index=3, type=java.lang.String, declaredAnnotations=[]}, Parameter{index=4, type=java.lang.String, declaredAnnotations=[]}, Parameter{index=5, type=java.lang.String, declaredAnnotations=[]}, Parameter{index=6, type=java.lang.String, declaredAnnotations=[]}, Parameter{index=7, type=java.lang.String, declaredAnnotations=[]}, Parameter{index=8, type=java.lang.String, declaredAnnotations=[]}, Parameter{index=9, type=java.lang.String, declaredAnnotations=[]}, Parameter{index=10, type=java.lang.String, declaredAnnotations=[]}, Parameter{index=11, type=java.lang.String, declaredAnnotations=[]}, Parameter{index=12, type=java.lang.String, declaredAnnotations=[]}, Parameter{index=13, type=java.lang.String, declaredAnnotations=[]}, Parameter{index=14, type=java.lang.String, declaredAnnotations=[]}, Parameter{index=15, type=java.lang.String, declaredAnnotations=[]}, Parameter{index=16, type=java.lang.String, declaredAnnotations=[]}, Parameter{index=17, type=java.lang.String, declaredAnnotations=[]}, Parameter{index=18, type=java.lang.String, declaredAnnotations=[]}, Parameter{index=19, type=java.lang.String, declaredAnnotations=[]}, Parameter{index=20, type=java.lang.String, declaredAnnotations=[]}, Parameter{index=21, type=java.lang.String, declaredAnnotations=[]}, Parameter{index=22, type=java.lang.String, declaredAnnotations=[]}, Parameter{index=23, type=java.lang.String, declaredAnnotations=[]}])
Arguments: [(org.apache.poi.xssf.usermodel.XSSFCell) Chait,(org.apache.poi.xssf.usermodel.XSSFCell) Mr,(org.apache.poi.xssf.usermodel.XSSFCell) Vaibhav,(org.apache.poi.xssf.usermodel.XSSFCell) Automation,(org.apache.poi.xssf.usermodel.XSSFCell) Tester,(org.apache.poi.xssf.usermodel.XSSFCell) Desai,(org.apache.poi.xssf.usermodel.XSSFCell) Male,(org.apache.poi.xssf.usermodel.XSSFCell) 01/05/2018,(org.apache.poi.xssf.usermodel.XSSFCell) Vaibhu,(org.apache.poi.xssf.usermodel.XSSFCell) Mr. Vaibhu,(org.apache.poi.xssf.usermodel.XSSFCell) Automation,(org.apache.poi.xssf.usermodel.XSSFCell) 555 Rohnert Park ,(org.apache.poi.xssf.usermodel.XSSFCell) Expy West,(org.apache.poi.xssf.usermodel.XSSFCell) 94928.0,(org.apache.poi.xssf.usermodel.XSSFCell) Rohnert Park,(org.apache.poi.xssf.usermodel.XSSFCell) California,(org.apache.poi.xssf.usermodel.XSSFCell) USA,(org.apache.poi.xssf.usermodel.XSSFCell) Home,(org.apache.poi.xssf.usermodel.XSSFCell) Yes,(org.apache.poi.xssf.usermodel.XSSFCell) abc@gmail.com,(org.apache.poi.xssf.usermodel.XSSFCell)    ,(org.apache.poi.xssf.usermodel.XSSFCell) 7.871231234E9,(org.apache.poi.xssf.usermodel.XSSFCell) Yes,(org.apache.poi.xssf.usermodel.XSSFCell) No,(org.apache.poi.xssf.usermodel.XSSFCell) Yes]
... Removed 20 stack frames]]>
    </failure>
  </testcase> <!-- addIndividualFromMainmenu -->
  <testcase name="@BeforeSuite setUpSuite" time="0.0" classname="com.automation.pages.Base">
    <ignored/>
  </testcase> <!-- @BeforeSuite setUpSuite -->
</testsuite> <!-- Test -->
