<?xml version="1.0" encoding="UTF-8"?>
<!-- Generated by org.testng.reporters.JUnitXMLReporter -->
<testsuite hostname="INAMDLBI0096" ignored="5" name="Default test" tests="1" failures="0" timestamp="27 Jun 2021 04:24:52 GMT" time="29.611" errors="0">
  <testcase name="AddGiftforAppealFund" time="5.613" classname="com.aautomation.testcases.DashboardQuick"/>
  <testcase name="quickIndividual" time="0.0" classname="com.aautomation.testcases.DashboardQuick">
    <ignored/>
  </testcase> <!-- quickIndividual -->
  <testcase name="AddFund" time="0.0" classname="com.aautomation.testcases.DashboardQuick">
    <ignored/>
  </testcase> <!-- AddFund -->
  <testcase name="deleteIndividual" time="0.0" classname="com.aautomation.testcases.DashboardQuick">
    <ignored/>
  </testcase> <!-- deleteIndividual -->
  <testcase name="quickOrganization" time="0.0" classname="com.aautomation.testcases.DashboardQuick">
    <ignored/>
  </testcase> <!-- quickOrganization -->
  <testcase name="AddInKindFund" time="0.0" classname="com.aautomation.testcases.DashboardQuick">
    <ignored/>
  </testcase> <!-- AddInKindFund -->
</testsuite> <!-- Default test -->
